<?xml version="1.0" encoding="UTF-8"?>
<testsuite name="runner.RunnerGitHubTest" tests="3" skipped="0" failures="2" errors="0" timestamp="2022-10-27T13:19:27" hostname="juanesPc" time="10.888">
  <properties/>
  <testcase name="SigIn session in the page Github correctly #1" classname="runner.RunnerGitHubTest" time="6.446"/>
  <testcase name="SigIn session in the page Github correctly #2" classname="runner.RunnerGitHubTest" time="2.275">
    <failure message="org.openqa.selenium.UnhandledAlertException: unexpected alert open: {Alert text : Wrong password.}&#10;  (Session info: chrome=106.0.5249.119): Wrong password.&#10;Build info: version: '4.2.1', revision: 'ac4d0fdd4a'&#10;System info: host: 'juanesPc', ip: '127.0.1.1', os.name: 'Linux', os.arch: 'amd64', os.version: '5.15.0-52-generic', java.version: '17.0.4'&#10;Driver info: org.openqa.selenium.chrome.ChromeDriver&#10;Command: [0322eaafd2a21aef84af58efd4042494, findElement {using=xpath, value=/html/body/nav/div[1]/ul/li[6]/a}]&#10;Capabilities {acceptInsecureCerts: false, browserName: chrome, browserVersion: 106.0.5249.119, chrome: {chromedriverVersion: 106.0.5249.61 (511755355844..., userDataDir: /tmp/.com.google.Chrome.XKuZlh}, goog:chromeOptions: {debuggerAddress: localhost:37709}, networkConnectionEnabled: false, pageLoadStrategy: normal, platformName: LINUX, proxy: Proxy(), se:cdp: ws://localhost:37709/devtoo..., se:cdpVersion: 106.0.5249.119, setWindowRect: true, strictFileInteractability: false, timeouts: {implicit: 0, pageLoad: 300000, script: 30000}, unhandledPromptBehavior: dismiss and notify, webauthn:extension:credBlob: true, webauthn:extension:largeBlob: true, webauthn:virtualAuthenticators: true}&#10;Session ID: 0322eaafd2a21aef84af58efd4042494" type="org.openqa.selenium.UnhandledAlertException">org.openqa.selenium.UnhandledAlertException: unexpected alert open: {Alert text : Wrong password.}
  (Session info: chrome=106.0.5249.119): Wrong password.
Build info: version: '4.2.1', revision: 'ac4d0fdd4a'
System info: host: 'juanesPc', ip: '127.0.1.1', os.name: 'Linux', os.arch: 'amd64', os.version: '5.15.0-52-generic', java.version: '17.0.4'
Driver info: org.openqa.selenium.chrome.ChromeDriver
Command: [0322eaafd2a21aef84af58efd4042494, findElement {using=xpath, value=/html/body/nav/div[1]/ul/li[6]/a}]
Capabilities {acceptInsecureCerts: false, browserName: chrome, browserVersion: 106.0.5249.119, chrome: {chromedriverVersion: 106.0.5249.61 (511755355844..., userDataDir: /tmp/.com.google.Chrome.XKuZlh}, goog:chromeOptions: {debuggerAddress: localhost:37709}, networkConnectionEnabled: false, pageLoadStrategy: normal, platformName: LINUX, proxy: Proxy(), se:cdp: ws://localhost:37709/devtoo..., se:cdpVersion: 106.0.5249.119, setWindowRect: true, strictFileInteractability: false, timeouts: {implicit: 0, pageLoad: 300000, script: 30000}, unhandledPromptBehavior: dismiss and notify, webauthn:extension:credBlob: true, webauthn:extension:largeBlob: true, webauthn:virtualAuthenticators: true}
Session ID: 0322eaafd2a21aef84af58efd4042494
	at app//org.openqa.selenium.remote.codec.w3c.W3CHttpResponseCodec.decode(W3CHttpResponseCodec.java:131)
	at app//org.openqa.selenium.remote.codec.w3c.W3CHttpResponseCodec.decode(W3CHttpResponseCodec.java:53)
	at app//org.openqa.selenium.remote.HttpCommandExecutor.execute(HttpCommandExecutor.java:184)
	at app//org.openqa.selenium.remote.service.DriverCommandExecutor.invokeExecute(DriverCommandExecutor.java:167)
	at app//org.openqa.selenium.remote.service.DriverCommandExecutor.execute(DriverCommandExecutor.java:142)
	at app//org.openqa.selenium.remote.RemoteWebDriver.execute(RemoteWebDriver.java:551)
	at app//org.openqa.selenium.remote.ElementLocation$ElementFinder$2.findElement(ElementLocation.java:162)
	at app//org.openqa.selenium.remote.ElementLocation.findElement(ElementLocation.java:60)
	at app//org.openqa.selenium.remote.RemoteWebDriver.findElement(RemoteWebDriver.java:369)
	at app//org.openqa.selenium.remote.RemoteWebDriver.findElement(RemoteWebDriver.java:361)
	at app//org.openqa.selenium.support.ui.ExpectedConditions$7.apply(ExpectedConditions.java:197)
	at app//org.openqa.selenium.support.ui.ExpectedConditions$7.apply(ExpectedConditions.java:193)
	at app//org.openqa.selenium.support.ui.FluentWait.until(FluentWait.java:208)
	at app//pages.BasePage.find(BasePage.java:46)
	at app//pages.BasePage.clickElement(BasePage.java:52)
	at app//pages.GitHubPage.closeSession(GitHubPage.java:41)
	at app//steps.GitHubStep.closeSessionGitHub(GitHubStep.java:36)
	at ✽.the user close session correctly(file:///home/juanes/Documents/university/Pruebas/TestGithubAuto/src/test/resources/features/GitHub.feature:8)
</failure>
  </testcase>
  <testcase name="SigIn session in the page Github correctly #3" classname="runner.RunnerGitHubTest" time="2.167">
    <failure message="org.openqa.selenium.UnhandledAlertException: unexpected alert open: {Alert text : Wrong password.}&#10;  (Session info: chrome=106.0.5249.119): Wrong password.&#10;Build info: version: '4.2.1', revision: 'ac4d0fdd4a'&#10;System info: host: 'juanesPc', ip: '127.0.1.1', os.name: 'Linux', os.arch: 'amd64', os.version: '5.15.0-52-generic', java.version: '17.0.4'&#10;Driver info: org.openqa.selenium.chrome.ChromeDriver&#10;Command: [0322eaafd2a21aef84af58efd4042494, findElement {using=xpath, value=/html/body/nav/div[1]/ul/li[6]/a}]&#10;Capabilities {acceptInsecureCerts: false, browserName: chrome, browserVersion: 106.0.5249.119, chrome: {chromedriverVersion: 106.0.5249.61 (511755355844..., userDataDir: /tmp/.com.google.Chrome.XKuZlh}, goog:chromeOptions: {debuggerAddress: localhost:37709}, networkConnectionEnabled: false, pageLoadStrategy: normal, platformName: LINUX, proxy: Proxy(), se:cdp: ws://localhost:37709/devtoo..., se:cdpVersion: 106.0.5249.119, setWindowRect: true, strictFileInteractability: false, timeouts: {implicit: 0, pageLoad: 300000, script: 30000}, unhandledPromptBehavior: dismiss and notify, webauthn:extension:credBlob: true, webauthn:extension:largeBlob: true, webauthn:virtualAuthenticators: true}&#10;Session ID: 0322eaafd2a21aef84af58efd4042494" type="org.openqa.selenium.UnhandledAlertException">org.openqa.selenium.UnhandledAlertException: unexpected alert open: {Alert text : Wrong password.}
  (Session info: chrome=106.0.5249.119): Wrong password.
Build info: version: '4.2.1', revision: 'ac4d0fdd4a'
System info: host: 'juanesPc', ip: '127.0.1.1', os.name: 'Linux', os.arch: 'amd64', os.version: '5.15.0-52-generic', java.version: '17.0.4'
Driver info: org.openqa.selenium.chrome.ChromeDriver
Command: [0322eaafd2a21aef84af58efd4042494, findElement {using=xpath, value=/html/body/nav/div[1]/ul/li[6]/a}]
Capabilities {acceptInsecureCerts: false, browserName: chrome, browserVersion: 106.0.5249.119, chrome: {chromedriverVersion: 106.0.5249.61 (511755355844..., userDataDir: /tmp/.com.google.Chrome.XKuZlh}, goog:chromeOptions: {debuggerAddress: localhost:37709}, networkConnectionEnabled: false, pageLoadStrategy: normal, platformName: LINUX, proxy: Proxy(), se:cdp: ws://localhost:37709/devtoo..., se:cdpVersion: 106.0.5249.119, setWindowRect: true, strictFileInteractability: false, timeouts: {implicit: 0, pageLoad: 300000, script: 30000}, unhandledPromptBehavior: dismiss and notify, webauthn:extension:credBlob: true, webauthn:extension:largeBlob: true, webauthn:virtualAuthenticators: true}
Session ID: 0322eaafd2a21aef84af58efd4042494
	at app//org.openqa.selenium.remote.codec.w3c.W3CHttpResponseCodec.decode(W3CHttpResponseCodec.java:131)
	at app//org.openqa.selenium.remote.codec.w3c.W3CHttpResponseCodec.decode(W3CHttpResponseCodec.java:53)
	at app//org.openqa.selenium.remote.HttpCommandExecutor.execute(HttpCommandExecutor.java:184)
	at app//org.openqa.selenium.remote.service.DriverCommandExecutor.invokeExecute(DriverCommandExecutor.java:167)
	at app//org.openqa.selenium.remote.service.DriverCommandExecutor.execute(DriverCommandExecutor.java:142)
	at app//org.openqa.selenium.remote.RemoteWebDriver.execute(RemoteWebDriver.java:551)
	at app//org.openqa.selenium.remote.ElementLocation$ElementFinder$2.findElement(ElementLocation.java:162)
	at app//org.openqa.selenium.remote.ElementLocation.findElement(ElementLocation.java:60)
	at app//org.openqa.selenium.remote.RemoteWebDriver.findElement(RemoteWebDriver.java:369)
	at app//org.openqa.selenium.remote.RemoteWebDriver.findElement(RemoteWebDriver.java:361)
	at app//org.openqa.selenium.support.ui.ExpectedConditions$7.apply(ExpectedConditions.java:197)
	at app//org.openqa.selenium.support.ui.ExpectedConditions$7.apply(ExpectedConditions.java:193)
	at app//org.openqa.selenium.support.ui.FluentWait.until(FluentWait.java:208)
	at app//pages.BasePage.find(BasePage.java:46)
	at app//pages.BasePage.clickElement(BasePage.java:52)
	at app//pages.GitHubPage.closeSession(GitHubPage.java:41)
	at app//steps.GitHubStep.closeSessionGitHub(GitHubStep.java:36)
	at ✽.the user close session correctly(file:///home/juanes/Documents/university/Pruebas/TestGithubAuto/src/test/resources/features/GitHub.feature:8)
</failure>
  </testcase>
  <system-out><![CDATA[
@Test
Scenario Outline: SigIn session in the page Github correctly # src/test/resources/features/GitHub.feature:12
  Given the user navigates to www.github.com/login           # steps.GitHubStep.navigateToGitHub()
  When the user enter your JuanesHolguin and 123             # steps.GitHubStep.enterCredentials(java.lang.String,java.lang.String)
  And click in the Sig in button and see de home page        # steps.GitHubStep.enterToGitHub()
  Then the user close session correctly                      # steps.GitHubStep.closeSessionGitHub()

@Test
Scenario Outline: SigIn session in the page Github correctly # src/test/resources/features/GitHub.feature:13
  Given the user navigates to www.github.com/login           # steps.GitHubStep.navigateToGitHub()
  When the user enter your otro and nada                     # steps.GitHubStep.enterCredentials(java.lang.String,java.lang.String)
  And click in the Sig in button and see de home page        # steps.GitHubStep.enterToGitHub()
  Then the user close session correctly                      # steps.GitHubStep.closeSessionGitHub()
      org.openqa.selenium.UnhandledAlertException: unexpected alert open: {Alert text : Wrong password.}
  (Session info: chrome=106.0.5249.119): Wrong password.
Build info: version: '4.2.1', revision: 'ac4d0fdd4a'
System info: host: 'juanesPc', ip: '127.0.1.1', os.name: 'Linux', os.arch: 'amd64', os.version: '5.15.0-52-generic', java.version: '17.0.4'
Driver info: org.openqa.selenium.chrome.ChromeDriver
Command: [0322eaafd2a21aef84af58efd4042494, findElement {using=xpath, value=/html/body/nav/div[1]/ul/li[6]/a}]
Capabilities {acceptInsecureCerts: false, browserName: chrome, browserVersion: 106.0.5249.119, chrome: {chromedriverVersion: 106.0.5249.61 (511755355844..., userDataDir: /tmp/.com.google.Chrome.XKuZlh}, goog:chromeOptions: {debuggerAddress: localhost:37709}, networkConnectionEnabled: false, pageLoadStrategy: normal, platformName: LINUX, proxy: Proxy(), se:cdp: ws://localhost:37709/devtoo..., se:cdpVersion: 106.0.5249.119, setWindowRect: true, strictFileInteractability: false, timeouts: {implicit: 0, pageLoad: 300000, script: 30000}, unhandledPromptBehavior: dismiss and notify, webauthn:extension:credBlob: true, webauthn:extension:largeBlob: true, webauthn:virtualAuthenticators: true}
Session ID: 0322eaafd2a21aef84af58efd4042494
	at org.openqa.selenium.remote.codec.w3c.W3CHttpResponseCodec.decode(W3CHttpResponseCodec.java:131)
	at org.openqa.selenium.remote.codec.w3c.W3CHttpResponseCodec.decode(W3CHttpResponseCodec.java:53)
	at org.openqa.selenium.remote.HttpCommandExecutor.execute(HttpCommandExecutor.java:184)
	at org.openqa.selenium.remote.service.DriverCommandExecutor.invokeExecute(DriverCommandExecutor.java:167)
	at org.openqa.selenium.remote.service.DriverCommandExecutor.execute(DriverCommandExecutor.java:142)
	at org.openqa.selenium.remote.RemoteWebDriver.execute(RemoteWebDriver.java:551)
	at org.openqa.selenium.remote.ElementLocation$ElementFinder$2.findElement(ElementLocation.java:162)
	at org.openqa.selenium.remote.ElementLocation.findElement(ElementLocation.java:60)
	at org.openqa.selenium.remote.RemoteWebDriver.findElement(RemoteWebDriver.java:369)
	at org.openqa.selenium.remote.RemoteWebDriver.findElement(RemoteWebDriver.java:361)
	at org.openqa.selenium.support.ui.ExpectedConditions$7.apply(ExpectedConditions.java:197)
	at org.openqa.selenium.support.ui.ExpectedConditions$7.apply(ExpectedConditions.java:193)
	at org.openqa.selenium.support.ui.FluentWait.until(FluentWait.java:208)
	at pages.BasePage.find(BasePage.java:46)
	at pages.BasePage.clickElement(BasePage.java:52)
	at pages.GitHubPage.closeSession(GitHubPage.java:41)
	at steps.GitHubStep.closeSessionGitHub(GitHubStep.java:36)
	at ✽.the user close session correctly(file:///home/juanes/Documents/university/Pruebas/TestGithubAuto/src/test/resources/features/GitHub.feature:8)


@Test
Scenario Outline: SigIn session in the page Github correctly # src/test/resources/features/GitHub.feature:14
  Given the user navigates to www.github.com/login           # steps.GitHubStep.navigateToGitHub()
  When the user enter your 123! and JuanesHolguin            # steps.GitHubStep.enterCredentials(java.lang.String,java.lang.String)
  And click in the Sig in button and see de home page        # steps.GitHubStep.enterToGitHub()
  Then the user close session correctly                      # steps.GitHubStep.closeSessionGitHub()
      org.openqa.selenium.UnhandledAlertException: unexpected alert open: {Alert text : Wrong password.}
  (Session info: chrome=106.0.5249.119): Wrong password.
Build info: version: '4.2.1', revision: 'ac4d0fdd4a'
System info: host: 'juanesPc', ip: '127.0.1.1', os.name: 'Linux', os.arch: 'amd64', os.version: '5.15.0-52-generic', java.version: '17.0.4'
Driver info: org.openqa.selenium.chrome.ChromeDriver
Command: [0322eaafd2a21aef84af58efd4042494, findElement {using=xpath, value=/html/body/nav/div[1]/ul/li[6]/a}]
Capabilities {acceptInsecureCerts: false, browserName: chrome, browserVersion: 106.0.5249.119, chrome: {chromedriverVersion: 106.0.5249.61 (511755355844..., userDataDir: /tmp/.com.google.Chrome.XKuZlh}, goog:chromeOptions: {debuggerAddress: localhost:37709}, networkConnectionEnabled: false, pageLoadStrategy: normal, platformName: LINUX, proxy: Proxy(), se:cdp: ws://localhost:37709/devtoo..., se:cdpVersion: 106.0.5249.119, setWindowRect: true, strictFileInteractability: false, timeouts: {implicit: 0, pageLoad: 300000, script: 30000}, unhandledPromptBehavior: dismiss and notify, webauthn:extension:credBlob: true, webauthn:extension:largeBlob: true, webauthn:virtualAuthenticators: true}
Session ID: 0322eaafd2a21aef84af58efd4042494
	at org.openqa.selenium.remote.codec.w3c.W3CHttpResponseCodec.decode(W3CHttpResponseCodec.java:131)
	at org.openqa.selenium.remote.codec.w3c.W3CHttpResponseCodec.decode(W3CHttpResponseCodec.java:53)
	at org.openqa.selenium.remote.HttpCommandExecutor.execute(HttpCommandExecutor.java:184)
	at org.openqa.selenium.remote.service.DriverCommandExecutor.invokeExecute(DriverCommandExecutor.java:167)
	at org.openqa.selenium.remote.service.DriverCommandExecutor.execute(DriverCommandExecutor.java:142)
	at org.openqa.selenium.remote.RemoteWebDriver.execute(RemoteWebDriver.java:551)
	at org.openqa.selenium.remote.ElementLocation$ElementFinder$2.findElement(ElementLocation.java:162)
	at org.openqa.selenium.remote.ElementLocation.findElement(ElementLocation.java:60)
	at org.openqa.selenium.remote.RemoteWebDriver.findElement(RemoteWebDriver.java:369)
	at org.openqa.selenium.remote.RemoteWebDriver.findElement(RemoteWebDriver.java:361)
	at org.openqa.selenium.support.ui.ExpectedConditions$7.apply(ExpectedConditions.java:197)
	at org.openqa.selenium.support.ui.ExpectedConditions$7.apply(ExpectedConditions.java:193)
	at org.openqa.selenium.support.ui.FluentWait.until(FluentWait.java:208)
	at pages.BasePage.find(BasePage.java:46)
	at pages.BasePage.clickElement(BasePage.java:52)
	at pages.GitHubPage.closeSession(GitHubPage.java:41)
	at steps.GitHubStep.closeSessionGitHub(GitHubStep.java:36)
	at ✽.the user close session correctly(file:///home/juanes/Documents/university/Pruebas/TestGithubAuto/src/test/resources/features/GitHub.feature:8)

]]></system-out>
  <system-err><![CDATA[SLF4J: Failed to load class "org.slf4j.impl.StaticLoggerBinder".
SLF4J: Defaulting to no-operation (NOP) logger implementation
SLF4J: See http://www.slf4j.org/codes.html#StaticLoggerBinder for further details.
Starting ChromeDriver 106.0.5249.61 (511755355844955cd3e264779baf0dd38212a4d0-refs/branch-heads/5249@{#569}) on port 47693
Only local connections are allowed.
Please see https://chromedriver.chromium.org/security-considerations for suggestions on keeping ChromeDriver safe.
ChromeDriver was started successfully.
Oct 27, 2022 8:19:29 AM org.openqa.selenium.remote.ProtocolHandshake createSession
INFO: Detected upstream dialect: W3C
Oct 27, 2022 8:19:29 AM org.openqa.selenium.devtools.CdpVersionFinder findNearestMatch
WARNING: Unable to find an exact match for CDP version 106, so returning the closest version found: 102
Oct 27, 2022 8:19:29 AM org.openqa.selenium.devtools.CdpVersionFinder findNearestMatch
INFO: Found CDP implementation for version 106 of 102
┌───────────────────────────────────────────────────────────────────────────────────┐
│ Share your Cucumber Report with your team at https://reports.cucumber.io          │
│ Activate publishing with one of the following:                                    │
│                                                                                   │
│ src/test/resources/cucumber.properties:          cucumber.publish.enabled=true    │
│ src/test/resources/junit-platform.properties:    cucumber.publish.enabled=true    │
│ Environment variable:                            CUCUMBER_PUBLISH_ENABLED=true    │
│ JUnit:                                           @CucumberOptions(publish = true) │
│                                                                                   │
│ More information at https://cucumber.io/docs/cucumber/environment-variables/      │
│                                                                                   │
│ Disable this message with one of the following:                                   │
│                                                                                   │
│ src/test/resources/cucumber.properties:          cucumber.publish.quiet=true      │
│ src/test/resources/junit-platform.properties:    cucumber.publish.quiet=true      │
└───────────────────────────────────────────────────────────────────────────────────┘
]]></system-err>
</testsuite>
